{
  "RSpec": {
    "coverage": {
      "/mnt/d/workspacerails/workshop_rental_cars/app/decorators/provider_decorator.rb": {
        "lines": [
          1,
          1,
          null,
          null
        ]
      },
      "/mnt/d/workspacerails/workshop_rental_cars/app/models/provider.rb": {
        "lines": [
          1,
          1,
          null,
          1,
          null,
          1,
          null,
          1,
          null,
          1,
          null,
          1,
          2,
          null,
          null,
          null,
          null
        ]
      },
      "/mnt/d/workspacerails/workshop_rental_cars/app/validators/cnpj_validator.rb": {
        "lines": [
          1,
          1,
          50,
          null,
          7,
          null,
          null,
          null,
          1,
          null,
          1,
          50,
          null,
          48,
          48,
          48,
          43,
          43,
          43,
          43,
          43,
          43,
          43,
          43,
          43,
          43,
          null,
          null,
          null,
          5,
          null,
          null
        ]
      },
      "/mnt/d/workspacerails/workshop_rental_cars/app/decorators/rental_decorator.rb": {
        "lines": [
          1,
          1,
          null,
          1,
          2,
          null,
          1,
          null,
          null
        ]
      },
      "/mnt/d/workspacerails/workshop_rental_cars/app/decorators/application_decorator.rb": {
        "lines": [
          1,
          null,
          null
        ]
      },
      "/mnt/d/workspacerails/workshop_rental_cars/app/models/rental.rb": {
        "lines": [
          1,
          1,
          1,
          1,
          null,
          1,
          null,
          1,
          157,
          1,
          null,
          79,
          null,
          1,
          null,
          1,
          11,
          null,
          null,
          null,
          null,
          1,
          11,
          null,
          null,
          null,
          null,
          1,
          62,
          null,
          null,
          null,
          null,
          1,
          0,
          null,
          null,
          null,
          null,
          1,
          0,
          null,
          null,
          null,
          null,
          null,
          null,
          null,
          null,
          null,
          null,
          null,
          1,
          null,
          1,
          26,
          null,
          19,
          2,
          null,
          null,
          null
        ]
      },
      "/mnt/d/workspacerails/workshop_rental_cars/app/jobs/return_car_job.rb": {
        "lines": [
          1,
          1,
          2,
          null,
          null,
          1,
          2,
          null,
          null,
          1,
          null,
          1,
          null,
          1,
          2,
          null,
          null,
          null
        ]
      },
      "/mnt/d/workspacerails/workshop_rental_cars/app/mailers/rental_mailer.rb": {
        "lines": [
          1,
          1,
          5,
          5,
          5,
          null,
          5,
          null,
          null,
          null,
          1,
          2,
          2,
          2,
          2,
          null,
          null,
          1,
          3,
          3,
          3,
          3,
          null,
          null
        ]
      },
      "/mnt/d/workspacerails/workshop_rental_cars/app/mailers/application_mailer.rb": {
        "lines": [
          1,
          1,
          1,
          null
        ]
      },
      "/mnt/d/workspacerails/workshop_rental_cars/app/models/car_model.rb": {
        "lines": [
          1,
          1,
          1,
          null,
          1,
          1,
          117,
          117,
          1,
          null,
          7,
          null,
          1,
          null,
          null
        ]
      },
      "/mnt/d/workspacerails/workshop_rental_cars/app/models/car.rb": {
        "lines": [
          1,
          1,
          1,
          1,
          1,
          1,
          1,
          null,
          1,
          null,
          1,
          null,
          1,
          null,
          1,
          34,
          null,
          null,
          null,
          null,
          null,
          null,
          null,
          null,
          null,
          null,
          null,
          null,
          null,
          34,
          null,
          null,
          null,
          1,
          62,
          null,
          null,
          null,
          null,
          null,
          null,
          null,
          null,
          null,
          null,
          null,
          null,
          null,
          null,
          null,
          1,
          8,
          null,
          8,
          null,
          null,
          null,
          null,
          null,
          1,
          74,
          null,
          null,
          1,
          8,
          null,
          null,
          1,
          null,
          1,
          20,
          null,
          2,
          null,
          null
        ]
      },
      "/mnt/d/workspacerails/workshop_rental_cars/app/models/company_customer.rb": {
        "lines": [
          null,
          1,
          1,
          1,
          1,
          null,
          null,
          1,
          1,
          null,
          null,
          1,
          8,
          null,
          null
        ]
      },
      "/mnt/d/workspacerails/workshop_rental_cars/app/models/customer.rb": {
        "lines": [
          1,
          1,
          1,
          null,
          1,
          2,
          null,
          null,
          null,
          14,
          null,
          1,
          26,
          null,
          null,
          null,
          null,
          null,
          null,
          null,
          null,
          null,
          26,
          null,
          null,
          1,
          45,
          null,
          null,
          1,
          21,
          null,
          null,
          null
        ]
      },
      "/mnt/d/workspacerails/workshop_rental_cars/app/models/fine.rb": {
        "lines": [
          1,
          1,
          1,
          null,
          1,
          null,
          1,
          62,
          null,
          null,
          1,
          1,
          null,
          null,
          null,
          null,
          null,
          null
        ]
      },
      "/mnt/d/workspacerails/workshop_rental_cars/app/models/inspection.rb": {
        "lines": [
          1,
          1,
          1,
          null,
          1,
          null,
          1,
          null,
          null
        ]
      },
      "/mnt/d/workspacerails/workshop_rental_cars/app/models/maintenance.rb": {
        "lines": [
          1,
          1,
          1,
          1,
          null,
          1,
          null,
          null,
          null,
          null,
          1,
          null,
          1,
          5,
          null,
          null,
          1,
          62,
          null,
          null,
          1,
          0,
          null,
          null,
          null,
          null,
          null,
          1,
          6,
          4,
          4,
          null,
          null,
          2,
          null,
          null,
          null
        ]
      },
      "/mnt/d/workspacerails/workshop_rental_cars/app/models/personal_customer.rb": {
        "lines": [
          1,
          1,
          null,
          1,
          1,
          null,
          null,
          1,
          20,
          null,
          null,
          1,
          1,
          null,
          null
        ]
      },
      "/mnt/d/workspacerails/workshop_rental_cars/app/validators/cpf_validator.rb": {
        "lines": [
          1,
          1,
          57,
          5,
          null,
          null,
          null,
          1,
          null,
          1,
          57,
          null,
          56,
          56,
          56,
          52,
          52,
          52,
          52,
          52,
          52,
          52,
          52,
          52,
          52,
          null,
          null,
          null,
          4,
          null,
          null
        ]
      },
      "/mnt/d/workspacerails/workshop_rental_cars/app/models/subsidiary_car_model.rb": {
        "lines": [
          1,
          1,
          1,
          null,
          1,
          1,
          null
        ]
      },
      "/mnt/d/workspacerails/workshop_rental_cars/app/models/subsidiary.rb": {
        "lines": [
          1,
          1,
          1,
          1,
          1,
          1,
          1,
          1,
          null,
          1,
          null,
          1,
          2,
          2,
          null,
          1,
          null,
          null
        ]
      },
      "/mnt/d/workspacerails/workshop_rental_cars/app/models/transaction.rb": {
        "lines": [
          1,
          1,
          1,
          null
        ]
      },
      "/mnt/d/workspacerails/workshop_rental_cars/app/policies/maintenance_policy.rb": {
        "lines": [
          1,
          null,
          1,
          5,
          5,
          null,
          null,
          1,
          5,
          4,
          null,
          3,
          null,
          null,
          1,
          1,
          null
        ]
      },
      "/mnt/d/workspacerails/workshop_rental_cars/app/presenters/car_presenter.rb": {
        "lines": [
          1,
          1,
          null,
          1,
          3,
          3,
          null,
          null,
          1,
          3,
          1,
          2,
          1,
          null,
          1,
          null,
          null,
          null,
          null,
          1,
          null,
          1,
          null
        ]
      },
      "/mnt/d/workspacerails/workshop_rental_cars/app/presenters/rental_presenter.rb": {
        "lines": [
          1,
          1,
          1,
          null,
          1,
          17,
          null,
          null,
          1,
          null,
          15,
          10,
          10,
          null,
          null,
          5,
          5,
          null,
          null,
          null,
          null,
          1,
          15,
          15,
          null,
          10,
          null,
          null,
          15,
          null,
          null,
          1,
          null,
          1,
          null,
          1,
          35,
          null,
          null
        ]
      },
      "/mnt/d/workspacerails/workshop_rental_cars/app/queries/rental_by_period_query.rb": {
        "lines": [
          1,
          null,
          1,
          2,
          2,
          null,
          null,
          1,
          2,
          null,
          2,
          2,
          2,
          null,
          2,
          null,
          null
        ]
      },
      "/mnt/d/workspacerails/workshop_rental_cars/app/services/rental_finisher.rb": {
        "lines": [
          1,
          1,
          1,
          1,
          1,
          1,
          null,
          null,
          1,
          1,
          1,
          1,
          null,
          null,
          1,
          null,
          1,
          null
        ]
      },
      "/mnt/d/workspacerails/workshop_rental_cars/app/models/manufacture.rb": {
        "lines": [
          1,
          1,
          null
        ]
      },
      "/mnt/d/workspacerails/workshop_rental_cars/app/controllers/company_customers_controller.rb": {
        "lines": [
          1,
          null,
          1,
          null,
          1,
          null,
          1,
          2,
          null,
          null,
          1,
          2,
          2,
          1,
          1,
          null,
          1,
          1,
          null,
          null,
          null,
          1,
          null,
          1,
          2,
          1,
          1,
          null,
          1,
          1,
          null,
          null,
          null,
          1,
          null,
          1,
          4,
          null,
          null,
          1,
          6,
          null,
          null
        ]
      },
      "/mnt/d/workspacerails/workshop_rental_cars/app/controllers/application_controller.rb": {
        "lines": [
          1,
          1,
          null
        ]
      },
      "/mnt/d/workspacerails/workshop_rental_cars/app/controllers/home_controller.rb": {
        "lines": [
          1,
          1,
          62,
          34,
          null,
          28,
          null,
          62,
          62,
          26,
          null,
          36,
          null,
          62,
          0,
          0,
          null,
          62,
          62,
          62,
          null,
          null,
          1,
          null,
          1,
          28,
          null,
          null,
          null,
          null,
          null,
          null,
          null,
          null,
          null,
          null,
          null,
          null,
          1,
          36,
          null,
          null,
          null,
          null,
          null,
          null,
          null,
          null
        ]
      },
      "/mnt/d/workspacerails/workshop_rental_cars/app/controllers/customers_controller.rb": {
        "lines": [
          1,
          1,
          null,
          1,
          null,
          1,
          7,
          null,
          null,
          1,
          null,
          1,
          null,
          1,
          0,
          null,
          null
        ]
      },
      "/mnt/d/workspacerails/workshop_rental_cars/app/controllers/personal_customers_controller.rb": {
        "lines": [
          1,
          1,
          null,
          1,
          null,
          1,
          2,
          null,
          null,
          1,
          2,
          2,
          1,
          1,
          null,
          1,
          1,
          null,
          null,
          null,
          1,
          null,
          1,
          2,
          1,
          1,
          null,
          1,
          1,
          null,
          null,
          null,
          1,
          null,
          1,
          4,
          null,
          null,
          1,
          8,
          null,
          null
        ]
      },
      "/mnt/d/workspacerails/workshop_rental_cars/app/controllers/providers_controller.rb": {
        "lines": [
          1,
          null,
          1,
          null,
          1,
          7,
          null,
          null,
          1,
          2,
          null,
          null,
          1,
          null,
          null,
          1,
          null,
          null,
          1,
          2,
          2,
          1,
          1,
          null,
          1,
          1,
          null,
          null,
          null,
          1,
          2,
          1,
          1,
          null,
          1,
          1,
          null,
          null,
          null,
          1,
          null,
          null,
          1,
          null,
          1,
          8,
          null,
          null,
          1,
          4,
          null,
          null
        ]
      },
      "/mnt/d/workspacerails/workshop_rental_cars/app/controllers/cars_controller.rb": {
        "lines": [
          1,
          1,
          2,
          2,
          null,
          null,
          1,
          2,
          2,
          2,
          null,
          1,
          1,
          null,
          null,
          1,
          16,
          null,
          null,
          1,
          5,
          null,
          null,
          1,
          9,
          9,
          1,
          null,
          null,
          1,
          null,
          1,
          2,
          null,
          null
        ]
      },
      "/mnt/d/workspacerails/workshop_rental_cars/app/controllers/maintenances_controller.rb": {
        "lines": [
          1,
          1,
          2,
          2,
          null,
          null,
          1,
          2,
          2,
          2,
          2,
          2,
          2,
          2,
          null,
          null,
          null,
          1,
          4,
          null,
          null,
          1,
          3,
          null,
          null,
          1,
          3,
          3,
          null,
          3,
          2,
          null,
          1,
          null,
          null,
          null,
          1,
          null,
          1,
          3,
          null,
          null
        ]
      },
      "/mnt/d/workspacerails/workshop_rental_cars/app/controllers/car_models_controller.rb": {
        "lines": [
          1,
          1,
          1,
          null,
          null,
          1,
          2,
          2,
          null,
          null,
          1,
          2,
          2,
          null,
          1,
          1,
          null,
          null,
          1,
          null,
          1,
          2,
          null,
          null
        ]
      },
      "/mnt/d/workspacerails/workshop_rental_cars/app/controllers/subsidiary_car_models_controller.rb": {
        "lines": [
          1,
          1,
          1,
          null,
          null,
          1,
          2,
          2,
          null,
          null,
          1,
          2,
          2,
          2,
          1,
          1,
          null,
          1,
          1,
          null,
          null,
          null,
          1,
          null,
          1,
          2,
          null,
          null,
          null
        ]
      },
      "/mnt/d/workspacerails/workshop_rental_cars/app/controllers/fines_controller.rb": {
        "lines": [
          1,
          1,
          2,
          2,
          null,
          null,
          1,
          2,
          2,
          2,
          1,
          null,
          1,
          1,
          null,
          1,
          1,
          null,
          null,
          null,
          1,
          1,
          null,
          null,
          1,
          null,
          1,
          2,
          null,
          null,
          null
        ]
      },
      "/mnt/d/workspacerails/workshop_rental_cars/app/models/credit.rb": {
        "lines": [
          1,
          1,
          null
        ]
      },
      "/mnt/d/workspacerails/workshop_rental_cars/app/controllers/inspections_controller.rb": {
        "lines": [
          1,
          1,
          2,
          2,
          null,
          null,
          1,
          2,
          2,
          2,
          2,
          1,
          1,
          1,
          null,
          1,
          1,
          null,
          null,
          null,
          1,
          null,
          1,
          2,
          null,
          null
        ]
      },
      "/mnt/d/workspacerails/workshop_rental_cars/app/controllers/subsidiaries_controller.rb": {
        "lines": [
          1,
          1,
          1,
          null,
          null,
          1,
          2,
          2,
          null,
          null,
          1,
          2,
          2,
          null,
          1,
          null,
          null,
          1,
          null,
          1,
          2,
          null,
          null,
          null,
          null
        ]
      },
      "/mnt/d/workspacerails/workshop_rental_cars/app/models/address.rb": {
        "lines": [
          1,
          1,
          null,
          1,
          null,
          1,
          1,
          null,
          1,
          1,
          null,
          1,
          1,
          null,
          null
        ]
      },
      "/mnt/d/workspacerails/workshop_rental_cars/app/controllers/rentals_controller.rb": {
        "lines": [
          1,
          null,
          1,
          7,
          7,
          7,
          null,
          null,
          1,
          6,
          6,
          6,
          6,
          6,
          5,
          5,
          5,
          5,
          null,
          1,
          1,
          1,
          null,
          null,
          1,
          0,
          0,
          null,
          0,
          0,
          0,
          0,
          null,
          0,
          null,
          0,
          null,
          0,
          0,
          null,
          null,
          null,
          null,
          null,
          null,
          null,
          null,
          null,
          0,
          null,
          null,
          1,
          7,
          null,
          null,
          1,
          7,
          null,
          null,
          1,
          2,
          2,
          2,
          2,
          2,
          null,
          null,
          1,
          2,
          2,
          2,
          2,
          2,
          2,
          2,
          2,
          null,
          null,
          1,
          13,
          13,
          null,
          null,
          1,
          2,
          null,
          null,
          1,
          2,
          2,
          2,
          1,
          1,
          1,
          null,
          1,
          1,
          null,
          null,
          null,
          1,
          null,
          1,
          8,
          null,
          null,
          1,
          6,
          null,
          null,
          null
        ]
      },
      "/mnt/d/workspacerails/workshop_rental_cars/app/models/debit.rb": {
        "lines": [
          1,
          null
        ]
      },
      "/mnt/d/workspacerails/workshop_rental_cars/app/models/nil_user.rb": {
        "lines": [
          1,
          null,
          1,
          1,
          null,
          null,
          1,
          1,
          null,
          null
        ]
      },
      "/mnt/d/workspacerails/workshop_rental_cars/app/controllers/api/v1/cars_controller.rb": {
        "lines": [
          1,
          1,
          2,
          null,
          1,
          null,
          null
        ]
      },
      "/mnt/d/workspacerails/workshop_rental_cars/app/controllers/api/v1/api_controller.rb": {
        "lines": [
          1,
          1,
          1,
          null,
          null
        ]
      },
      "/mnt/d/workspacerails/workshop_rental_cars/app/controllers/api/v1/manufactures_controller.rb": {
        "lines": [
          1,
          1,
          3,
          3,
          null,
          2,
          null,
          null
        ]
      },
      "/mnt/d/workspacerails/workshop_rental_cars/app/controllers/api/v1/subsidiaries_controller.rb": {
        "lines": [
          1,
          1,
          1,
          1,
          null,
          null
        ]
      },
      "/mnt/d/workspacerails/workshop_rental_cars/app/helpers/application_helper.rb": {
        "lines": [
          0,
          0
        ],
        "branches": {
        }
      },
      "/mnt/d/workspacerails/workshop_rental_cars/app/helpers/providers_helper.rb": {
        "lines": [
          0,
          0
        ],
        "branches": {
        }
      },
      "/mnt/d/workspacerails/workshop_rental_cars/app/helpers/rental_helper.rb": {
        "lines": [
          0,
          0,
          0,
          0,
          0,
          0,
          0,
          0,
          0,
          0,
          0,
          0,
          0
        ],
        "branches": {
        }
      },
      "/mnt/d/workspacerails/workshop_rental_cars/app/jobs/application_job.rb": {
        "lines": [
          0,
          0
        ],
        "branches": {
        }
      },
      "/mnt/d/workspacerails/workshop_rental_cars/app/models/application_record.rb": {
        "lines": [
          0,
          0,
          0
        ],
        "branches": {
        }
      },
      "/mnt/d/workspacerails/workshop_rental_cars/app/models/user.rb": {
        "lines": [
          0,
          0,
          0,
          0,
          null,
          0,
          null,
          0,
          0,
          null,
          0,
          0,
          0,
          0
        ],
        "branches": {
        }
      }
    },
    "timestamp": 1711849059
  }
}
